Added Component: Designator=3V3(HDR1X5)
Add component. Clean all parameters for all variants
Add component (AddParameter): Name = "LatestRevisionDate"; Value = "17-Jul-2002"; VariantName = "[No Variations]"
Add component (AddParameter): Name = "LatestRevisionNote"; Value = "Re-released for DXP Platform."; VariantName = "[No Variations]"
Add component (AddParameter): Name = "Publisher"; Value = "Altium Limited"; VariantName = "[No Variations]"
Added Component: Designator=5V(HDR1X5)
Add component. Clean all parameters for all variants
Add component (AddParameter): Name = "LatestRevisionDate"; Value = "17-Jul-2002"; VariantName = "[No Variations]"
Add component (AddParameter): Name = "LatestRevisionNote"; Value = "Re-released for DXP Platform."; VariantName = "[No Variations]"
Add component (AddParameter): Name = "Publisher"; Value = "Altium Limited"; VariantName = "[No Variations]"
Added Component: Designator=GND(HDR1X5)
Add component. Clean all parameters for all variants
Add component (AddParameter): Name = "LatestRevisionDate"; Value = "17-Jul-2002"; VariantName = "[No Variations]"
Add component (AddParameter): Name = "LatestRevisionNote"; Value = "Re-released for DXP Platform."; VariantName = "[No Variations]"
Add component (AddParameter): Name = "Publisher"; Value = "Altium Limited"; VariantName = "[No Variations]"
Added Component: Designator=IO(HDR1X5)
Add component. Clean all parameters for all variants
Add component (AddParameter): Name = "LatestRevisionDate"; Value = "17-Jul-2002"; VariantName = "[No Variations]"
Add component (AddParameter): Name = "LatestRevisionNote"; Value = "Re-released for DXP Platform."; VariantName = "[No Variations]"
Add component (AddParameter): Name = "Publisher"; Value = "Altium Limited"; VariantName = "[No Variations]"
Added Pin To Net: NetName=3V3 Pin=3V3-1
Added Pin To Net: NetName=3V3 Pin=3V3-2
Added Pin To Net: NetName=3V3 Pin=3V3-3
Added Pin To Net: NetName=3V3 Pin=3V3-4
Added Pin To Net: NetName=3V3 Pin=3V3-5
Added Pin To Net: NetName=5V Pin=5V-1
Added Pin To Net: NetName=5V Pin=5V-2
Added Pin To Net: NetName=5V Pin=5V-3
Added Pin To Net: NetName=5V Pin=5V-4
Added Pin To Net: NetName=5V Pin=5V-5
Added Pin To Net: NetName=GND Pin=GND-1
Added Pin To Net: NetName=GND Pin=GND-2
Added Pin To Net: NetName=GND Pin=GND-3
Added Pin To Net: NetName=GND Pin=GND-4
Added Pin To Net: NetName=GND Pin=GND-5
Added Pin To Net: NetName=G8 Pin=IO-1
Added Pin To Net: NetName=G6 Pin=IO-2
Added Pin To Net: NetName=G4 Pin=IO-3
Added Pin To Net: NetName=G2 Pin=IO-4
Added Pin To Net: NetName=D12 Pin=IO-5
Added Member To Class: ClassName=Device Member=Component 3V3 Header 5
Added Member To Class: ClassName=Device Member=Component 5V Header 5
Added Member To Class: ClassName=Device Member=Component GND Header 5
Added Member To Class: ClassName=Device Member=Component IO Header 5
Added Room: Name=Device
Added Room: Name=Energy
Added Room: Name=SYSTEM
